[INFO] Scanning for projects...
[INFO] 
[INFO] -------------------< com.example:api-web-biblioteca >-------------------
[INFO] Building api-web-biblioteca 0.0.1-SNAPSHOT
[INFO]   from pom.xml
[INFO] --------------------------------[ jar ]---------------------------------
[INFO] 
[INFO] >>> spring-boot:3.1.5:run (default-cli) > test-compile @ api-web-biblioteca >>>
[INFO] 
[INFO] --- resources:3.3.1:resources (default-resources) @ api-web-biblioteca ---
[WARNING] Using platform encoding (UTF-8 actually) to copy filtered resources, i.e. build is platform dependent!
[INFO] Copying 1 resource from src/main/resources to target/classes
[INFO] 
[INFO] --- compiler:3.13.0:compile (default-compile) @ api-web-biblioteca ---
[INFO] Nothing to compile - all classes are up to date.
[INFO] 
[INFO] --- resources:3.3.1:testResources (default-testResources) @ api-web-biblioteca ---
[WARNING] Using platform encoding (UTF-8 actually) to copy filtered resources, i.e. build is platform dependent!
[INFO] skip non existing resourceDirectory /workspaces/api-web-biblioteca/src/test/resources
[INFO] 
[INFO] --- compiler:3.13.0:testCompile (default-testCompile) @ api-web-biblioteca ---
[INFO] No sources to compile
[INFO] 
[INFO] <<< spring-boot:3.1.5:run (default-cli) < test-compile @ api-web-biblioteca <<<
[INFO] 
[INFO] 
[INFO] --- spring-boot:3.1.5:run (default-cli) @ api-web-biblioteca ---
[INFO] Attaching agents: []

  .   ____          _            __ _ _
 /\\ / ___'_ __ _ _(_)_ __  __ _ \ \ \ \
( ( )\___ | '_ | '_| | '_ \/ _` | \ \ \ \
 \\/  ___)| |_)| | | | | || (_| |  ) ) ) )
  '  |____| .__|_| |_|_| |_\__, | / / / /
 =========|_|==============|___/=/_/_/_/
 :: Spring Boot ::                (v3.1.5)

2025-12-09T22:54:48.559Z  INFO 35114 --- [           main] c.e.biblioteca.BibliotecaApplication     : Starting BibliotecaApplication using Java 21.0.9 with PID 35114 (/workspaces/api-web-biblioteca/target/classes started by codespace in /workspaces/api-web-biblioteca)
2025-12-09T22:54:48.562Z  INFO 35114 --- [           main] c.e.biblioteca.BibliotecaApplication     : No active profile set, falling back to 1 default profile: "default"
2025-12-09T22:54:49.208Z  INFO 35114 --- [           main] .s.d.r.c.RepositoryConfigurationDelegate : Bootstrapping Spring Data JPA repositories in DEFAULT mode.
2025-12-09T22:54:49.248Z  INFO 35114 --- [           main] .s.d.r.c.RepositoryConfigurationDelegate : Finished Spring Data repository scanning in 34 ms. Found 1 JPA repository interfaces.
2025-12-09T22:54:49.713Z  INFO 35114 --- [           main] o.s.b.w.embedded.tomcat.TomcatWebServer  : Tomcat initialized with port(s): 8081 (http)
2025-12-09T22:54:49.733Z  INFO 35114 --- [           main] o.apache.catalina.core.StandardService   : Starting service [Tomcat]
2025-12-09T22:54:49.733Z  INFO 35114 --- [           main] o.apache.catalina.core.StandardEngine    : Starting Servlet engine: [Apache Tomcat/10.1.15]
2025-12-09T22:54:49.805Z  INFO 35114 --- [           main] o.a.c.c.C.[Tomcat].[localhost].[/]       : Initializing Spring embedded WebApplicationContext
2025-12-09T22:54:49.806Z  INFO 35114 --- [           main] w.s.c.ServletWebServerApplicationContext : Root WebApplicationContext: initialization completed in 1176 ms
2025-12-09T22:54:49.849Z  INFO 35114 --- [           main] com.zaxxer.hikari.HikariDataSource       : HikariPool-1 - Starting...
2025-12-09T22:54:50.006Z  INFO 35114 --- [           main] com.zaxxer.hikari.pool.HikariPool        : HikariPool-1 - Added connection conn0: url=jdbc:h2:mem:biblioteca user=SA
2025-12-09T22:54:50.007Z  INFO 35114 --- [           main] com.zaxxer.hikari.HikariDataSource       : HikariPool-1 - Start completed.
2025-12-09T22:54:50.022Z  INFO 35114 --- [           main] o.s.b.a.h2.H2ConsoleAutoConfiguration    : H2 console available at '/h2-console'. Database available at 'jdbc:h2:mem:biblioteca'
2025-12-09T22:54:50.107Z  INFO 35114 --- [           main] o.hibernate.jpa.internal.util.LogHelper  : HHH000204: Processing PersistenceUnitInfo [name: default]
2025-12-09T22:54:50.140Z  INFO 35114 --- [           main] org.hibernate.Version                    : HHH000412: Hibernate ORM core version 6.2.13.Final
2025-12-09T22:54:50.141Z  INFO 35114 --- [           main] org.hibernate.cfg.Environment            : HHH000406: Using bytecode reflection optimizer
2025-12-09T22:54:50.340Z  INFO 35114 --- [           main] o.s.o.j.p.SpringPersistenceUnitInfo      : No LoadTimeWeaver setup: ignoring JPA class transformer
2025-12-09T22:54:50.369Z  WARN 35114 --- [           main] org.hibernate.orm.deprecation            : HHH90000025: H2Dialect does not need to be specified explicitly using 'hibernate.dialect' (remove the property setting and it will be selected by default)
2025-12-09T22:54:50.936Z  INFO 35114 --- [           main] o.h.e.t.j.p.i.JtaPlatformInitiator       : HHH000489: No JTA platform available (set 'hibernate.transaction.jta.platform' to enable JTA platform integration)
Hibernate: create table livros (id bigint generated by default as identity, ano_publicacao integer check (ano_publicacao>=0), autor varchar(255), disponivel boolean not null, isbn varchar(255), titulo varchar(255), primary key (id))
Hibernate: alter table if exists livros drop constraint if exists UK_bm02y40a3t3ambvf91804i3kv
Hibernate: alter table if exists livros add constraint UK_bm02y40a3t3ambvf91804i3kv unique (isbn)
2025-12-09T22:54:50.986Z  INFO 35114 --- [           main] j.LocalContainerEntityManagerFactoryBean : Initialized JPA EntityManagerFactory for persistence unit 'default'
2025-12-09T22:54:51.178Z  WARN 35114 --- [           main] ocalVariableTableParameterNameDiscoverer : Using deprecated '-debug' fallback for parameter name resolution. Compile the affected code with '-parameters' instead or avoid its introspection: com.example.biblioteca.repository.LivroRepository
2025-12-09T22:54:51.264Z  WARN 35114 --- [           main] JpaBaseConfiguration$JpaWebConfiguration : spring.jpa.open-in-view is enabled by default. Therefore, database queries may be performed during view rendering. Explicitly configure spring.jpa.open-in-view to disable this warning
2025-12-09T22:54:51.513Z  INFO 35114 --- [           main] o.s.b.w.embedded.tomcat.TomcatWebServer  : Tomcat started on port(s): 8081 (http) with context path ''
2025-12-09T22:54:51.523Z  INFO 35114 --- [           main] c.e.biblioteca.BibliotecaApplication     : Started BibliotecaApplication in 3.29 seconds (process running for 3.587)
2025-12-09T22:54:52.226Z  INFO 35114 --- [nio-8081-exec-1] o.a.c.c.C.[Tomcat].[localhost].[/]       : Initializing Spring DispatcherServlet 'dispatcherServlet'
2025-12-09T22:54:52.226Z  INFO 35114 --- [nio-8081-exec-1] o.s.web.servlet.DispatcherServlet        : Initializing Servlet 'dispatcherServlet'
2025-12-09T22:54:52.228Z  INFO 35114 --- [nio-8081-exec-1] o.s.web.servlet.DispatcherServlet        : Completed initialization in 1 ms
Hibernate: select l1_0.id,l1_0.ano_publicacao,l1_0.autor,l1_0.disponivel,l1_0.isbn,l1_0.titulo from livros l1_0
Hibernate: select l1_0.id,l1_0.ano_publicacao,l1_0.autor,l1_0.disponivel,l1_0.isbn,l1_0.titulo from livros l1_0 where l1_0.isbn=?
Hibernate: insert into livros (ano_publicacao,autor,disponivel,isbn,titulo,id) values (?,?,?,?,?,default)
Hibernate: select l1_0.id,l1_0.ano_publicacao,l1_0.autor,l1_0.disponivel,l1_0.isbn,l1_0.titulo from livros l1_0 where l1_0.isbn=?
Hibernate: insert into livros (ano_publicacao,autor,disponivel,isbn,titulo,id) values (?,?,?,?,?,default)
Hibernate: select l1_0.id,l1_0.ano_publicacao,l1_0.autor,l1_0.disponivel,l1_0.isbn,l1_0.titulo from livros l1_0 where l1_0.isbn=?
Hibernate: insert into livros (ano_publicacao,autor,disponivel,isbn,titulo,id) values (?,?,?,?,?,default)
Hibernate: select l1_0.id,l1_0.ano_publicacao,l1_0.autor,l1_0.disponivel,l1_0.isbn,l1_0.titulo from livros l1_0
2025-12-09T22:54:53.020Z  WARN 35114 --- [nio-8081-exec-8] ocalVariableTableParameterNameDiscoverer : Using deprecated '-debug' fallback for parameter name resolution. Compile the affected code with '-parameters' instead or avoid its introspection: com.example.biblioteca.controller.LivroController
Hibernate: select l1_0.id,l1_0.ano_publicacao,l1_0.autor,l1_0.disponivel,l1_0.isbn,l1_0.titulo from livros l1_0 where l1_0.id=?
Hibernate: select l1_0.id,l1_0.ano_publicacao,l1_0.autor,l1_0.disponivel,l1_0.isbn,l1_0.titulo from livros l1_0 where l1_0.id=?
Hibernate: update livros set ano_publicacao=?,autor=?,disponivel=?,isbn=?,titulo=? where id=?
Hibernate: select l1_0.id,l1_0.ano_publicacao,l1_0.autor,l1_0.disponivel,l1_0.isbn,l1_0.titulo from livros l1_0 where l1_0.id=?
Hibernate: update livros set ano_publicacao=?,autor=?,disponivel=?,isbn=?,titulo=? where id=?
Hibernate: select l1_0.id,l1_0.ano_publicacao,l1_0.autor,l1_0.disponivel,l1_0.isbn,l1_0.titulo from livros l1_0 where l1_0.id=?
Hibernate: delete from livros where id=?
Hibernate: select l1_0.id,l1_0.ano_publicacao,l1_0.autor,l1_0.disponivel,l1_0.isbn,l1_0.titulo from livros l1_0
